2017-03-21 22:26:48,367 INFO -  1/10. Start. (83) 
2017-03-21 22:26:48,406 INFO -  2/10. Parse CommandLine Parameters. (86) 
2017-03-21 22:26:48,422 DEBUG - args = -U (308) 
2017-03-21 22:26:48,427 DEBUG - args = test (308) 
2017-03-21 22:26:48,430 DEBUG - args = -P (308) 
2017-03-21 22:26:48,433 DEBUG - args = test (308) 
2017-03-21 22:26:48,436 DEBUG - args = -S (308) 
2017-03-21 22:26:48,439 DEBUG - args = tcp:localhost\mssqlserver,1433 (308) 
2017-03-21 22:26:48,446 DEBUG - args = -Q (308) 
2017-03-21 22:26:48,450 DEBUG - args = query (308) 
2017-03-21 22:26:48,453 DEBUG - args = -o (308) 
2017-03-21 22:26:48,454 DEBUG - args = result (308) 
2017-03-21 22:26:48,459 DEBUG - args = -s (308) 
2017-03-21 22:26:48,464 DEBUG - args = -D (308) 
2017-03-21 22:26:48,470 DEBUG - args = db01,db02 (308) 
2017-03-21 22:26:48,476 DEBUG - args = -l (308) 
2017-03-21 22:26:48,480 DEBUG - args = 180 (308) 
2017-03-21 22:26:48,483 DEBUG - args = -t (308) 
2017-03-21 22:26:48,486 DEBUG - args = 180 (308) 
2017-03-21 22:26:48,489 DEBUG - args = --debug (308) 
2017-03-21 22:26:48,492 DEBUG - args = --sleep (308) 
2017-03-21 22:26:48,495 DEBUG - args = 5 (308) 
2017-03-21 22:26:48,559 DEBUG - protocol = tcp: (352) 
2017-03-21 22:26:48,564 DEBUG - server   = localhost (353) 
2017-03-21 22:26:48,569 DEBUG - instance = \mssqlserver (354) 
2017-03-21 22:26:48,573 DEBUG - port     = ,1433 (355) 
2017-03-21 22:26:48,593 DEBUG - ConnectionString = Data Source=tcp:localhost\mssqlserver,1433;Initial Catalog=master;User ID=test;Password=test (297) 
2017-03-21 22:26:48,607 INFO -  3/10. Try to Connect SQL Server. (93) 
2017-03-21 22:26:48,670 DEBUG - Query Timeout = 180[sec] (368) 
2017-03-21 22:26:48,675 DEBUG - Lock Timeout  = 180[sec] (369) 
2017-03-21 22:26:48,696 INFO -  4/10. Check SQL Server Version. (102) 
2017-03-21 22:26:48,709 DEBUG - SQL Server ProductVersion = 13.0.4001.0 (406) 
2017-03-21 22:26:48,713 DEBUG - SQL Server Version = SQL2016 (407) 
2017-03-21 22:26:48,717 DEBUG - DB version specified in App.config = 0x0040 (408) 
2017-03-21 22:26:52,911 ERROR - This database version does not support tool execution. (109) 
2017-03-21 22:27:12,940 INFO -  1/10. Start. (83) 
2017-03-21 22:27:13,081 INFO -  2/10. Parse CommandLine Parameters. (86) 
2017-03-21 22:27:13,128 DEBUG - args = -U (308) 
2017-03-21 22:27:13,143 DEBUG - args = test (308) 
2017-03-21 22:27:13,159 DEBUG - args = -P (308) 
2017-03-21 22:27:13,174 DEBUG - args = test (308) 
2017-03-21 22:27:13,190 DEBUG - args = -S (308) 
2017-03-21 22:27:13,190 DEBUG - args = tcp:localhost\mssqlserver,1433 (308) 
2017-03-21 22:27:13,190 DEBUG - args = -Q (308) 
2017-03-21 22:27:13,206 DEBUG - args = query (308) 
2017-03-21 22:27:13,206 DEBUG - args = -o (308) 
2017-03-21 22:27:13,206 DEBUG - args = result (308) 
2017-03-21 22:27:13,206 DEBUG - args = -s (308) 
2017-03-21 22:27:13,221 DEBUG - args = -D (308) 
2017-03-21 22:27:13,221 DEBUG - args = db01,db02 (308) 
2017-03-21 22:27:13,221 DEBUG - args = -l (308) 
2017-03-21 22:27:13,237 DEBUG - args = 180 (308) 
2017-03-21 22:27:13,237 DEBUG - args = -t (308) 
2017-03-21 22:27:13,237 DEBUG - args = 180 (308) 
2017-03-21 22:27:13,237 DEBUG - args = --debug (308) 
2017-03-21 22:27:13,253 DEBUG - args = --sleep (308) 
2017-03-21 22:27:13,253 DEBUG - args = 5 (308) 
2017-03-21 22:27:13,331 DEBUG - protocol = tcp: (352) 
2017-03-21 22:27:13,331 DEBUG - server   = localhost (353) 
2017-03-21 22:27:13,331 DEBUG - instance = \mssqlserver (354) 
2017-03-21 22:27:13,346 DEBUG - port     = ,1433 (355) 
2017-03-21 22:27:13,362 DEBUG - ConnectionString = Data Source=tcp:localhost\mssqlserver,1433;Initial Catalog=master;User ID=test;Password=test (297) 
2017-03-21 22:27:13,362 INFO -  3/10. Try to Connect SQL Server. (93) 
2017-03-21 22:27:13,471 DEBUG - Query Timeout = 180[sec] (368) 
2017-03-21 22:27:13,471 DEBUG - Lock Timeout  = 180[sec] (369) 
2017-03-21 22:27:13,487 INFO -  4/10. Check SQL Server Version. (102) 
2017-03-21 22:27:13,518 DEBUG - SQL Server ProductVersion = 13.0.4001.0 (406) 
2017-03-21 22:27:13,518 DEBUG - SQL Server Version = SQL2016 (407) 
2017-03-21 22:27:13,534 DEBUG - DB version specified in App.config = 0x0020 (408) 
2017-03-21 22:27:13,534 INFO -  5/10. Get Database List. (115) 
2017-03-21 22:27:13,549 INFO -  6/10. Create Result Folder. (153) 
2017-03-21 22:27:13,549 DEBUG - OutputDir = result\mssqlstats_20170321102713\db01 (160) 
2017-03-21 22:27:13,549 DEBUG - OutputDir = result\mssqlstats_20170321102713\db02 (160) 
2017-03-21 22:27:13,565 INFO -  7/10. Load Query. (165) 
2017-03-21 22:27:13,565 DEBUG - ExternalQuery = query1 (482) 
2017-03-21 22:27:13,581 DEBUG - ExternalQuery = query2 (482) 
2017-03-21 22:27:13,612 DEBUG - InternalQuery = msdb_dbo_sysproxies (526) 
2017-03-21 22:27:13,612 DEBUG -   Version = 0x003F (527) 
2017-03-21 22:27:13,628 DEBUG -   Target = Instance (528) 
2017-03-21 22:27:13,628 DEBUG -   Run = True (529) 
2017-03-21 22:27:13,628 DEBUG - InternalQuery = msdb_dbo_sysmaintplan_plans (526) 
2017-03-21 22:27:13,643 DEBUG -   Version = 0x003F (527) 
2017-03-21 22:27:13,643 DEBUG -   Target = Instance (528) 
2017-03-21 22:27:13,643 DEBUG -   Run = True (529) 
2017-03-21 22:27:13,643 DEBUG - InternalQuery = sys_resource_governor_workload_groups (526) 
2017-03-21 22:27:13,659 DEBUG -   Version = 0x003F (527) 
2017-03-21 22:27:13,659 DEBUG -   Target = Instance (528) 
2017-03-21 22:27:13,659 DEBUG -   Run = True (529) 
2017-03-21 22:27:13,674 DEBUG - InternalQuery = sys_dm_db_stats_properties (526) 
2017-03-21 22:27:13,674 DEBUG -   Version = 0x0038 (527) 
2017-03-21 22:27:13,674 DEBUG -   Target = Database (528) 
2017-03-21 22:27:13,674 DEBUG -   Run = True (529) 
2017-03-21 22:27:13,690 DEBUG - InternalQuery = msdb_dbo_sysalerts (526) 
2017-03-21 22:27:13,690 DEBUG -   Version = 0x003F (527) 
2017-03-21 22:27:13,690 DEBUG -   Target = Instance (528) 
2017-03-21 22:27:13,706 DEBUG -   Run = True (529) 
2017-03-21 22:27:13,706 DEBUG - InternalQuery = sys_master_files (526) 
2017-03-21 22:27:13,706 DEBUG -   Version = 0x003C (527) 
2017-03-21 22:27:13,706 DEBUG -   Target = Instance (528) 
2017-03-21 22:27:13,721 DEBUG -   Run = True (529) 
2017-03-21 22:27:13,721 DEBUG - InternalQuery = sys_dm_db_partition_stats (526) 
2017-03-21 22:27:13,721 DEBUG -   Version = 0x003F (527) 
2017-03-21 22:27:13,721 DEBUG -   Target = Database (528) 
2017-03-21 22:27:13,721 DEBUG -   Run = False (529) 
2017-03-21 22:27:13,737 DEBUG - InternalQuery = sys_dm_os_workers (526) 
2017-03-21 22:27:13,737 DEBUG -   Version = 0x003F (527) 
2017-03-21 22:27:13,753 DEBUG -   Target = Instance (528) 
2017-03-21 22:27:13,753 DEBUG -   Run = True (529) 
2017-03-21 22:27:13,753 DEBUG - InternalQuery = sys_dm_exec_cached_plans_sysdb (526) 
2017-03-21 22:27:13,753 DEBUG -   Version = 0x003F (527) 
2017-03-21 22:27:13,768 DEBUG -   Target = Instance (528) 
2017-03-21 22:27:13,768 DEBUG -   Run = True (529) 
2017-03-21 22:27:13,768 DEBUG - InternalQuery = sys_dm_exec_cached_plans_reused_ratio (526) 
2017-03-21 22:27:13,768 DEBUG -   Version = 0x003F (527) 
2017-03-21 22:27:13,784 DEBUG -   Target = Instance (528) 
2017-03-21 22:27:13,784 DEBUG -   Run = True (529) 
2017-03-21 22:27:13,784 DEBUG - InternalQuery = sys_dm_server_memory_dumps (526) 
2017-03-21 22:27:13,784 DEBUG -   Version = 0x003E (527) 
2017-03-21 22:27:13,799 DEBUG -   Target = Instance (528) 
2017-03-21 22:27:13,799 DEBUG -   Run = True (529) 
2017-03-21 22:27:13,799 DEBUG - InternalQuery = xp_regread_preferred_plan (526) 
2017-03-21 22:27:13,815 DEBUG -   Version = 0x003F (527) 
2017-03-21 22:27:13,846 DEBUG -   Target = Instance (528) 
2017-03-21 22:27:13,862 DEBUG -   Run = True (529) 
2017-03-21 22:27:13,893 DEBUG - InternalQuery = sys_dm_db_index_operational_stats_userdb (526) 
2017-03-21 22:27:13,893 DEBUG -   Version = 0x003F (527) 
2017-03-21 22:27:13,909 DEBUG -   Target = Database (528) 
2017-03-21 22:27:13,909 DEBUG -   Run = True (529) 
2017-03-21 22:27:13,924 DEBUG - InternalQuery = sys_dm_exec_cached_plans_size (526) 
2017-03-21 22:27:13,924 DEBUG -   Version = 0x003F (527) 
2017-03-21 22:27:13,924 DEBUG -   Target = Instance (528) 
2017-03-21 22:27:13,956 DEBUG -   Run = True (529) 
2017-03-21 22:27:13,956 DEBUG - InternalQuery = sys_dm_os_memory_cache_clock_hands (526) 
2017-03-21 22:27:13,956 DEBUG -   Version = 0x0038 (527) 
2017-03-21 22:27:13,971 DEBUG -   Target = Instance (528) 
2017-03-21 22:27:13,987 DEBUG -   Run = True (529) 
2017-03-21 22:27:13,987 DEBUG - InternalQuery = wmi_win32_service (526) 
2017-03-21 22:27:13,987 DEBUG -   Version = 0xFFFF (527) 
2017-03-21 22:27:14,003 DEBUG -   Target = System (528) 
2017-03-21 22:27:14,018 DEBUG -   Run = True (529) 
2017-03-21 22:27:14,018 DEBUG - InternalQuery = sys_resource_governor_configuration (526) 
2017-03-21 22:27:14,018 DEBUG -   Version = 0x003F (527) 
2017-03-21 22:27:14,034 DEBUG -   Target = Instance (528) 
2017-03-21 22:27:14,049 DEBUG -   Run = True (529) 
2017-03-21 22:27:14,049 DEBUG - InternalQuery = sys_dm_os_sys_memory (526) 
2017-03-21 22:27:14,049 DEBUG -   Version = 0x003F (527) 
2017-03-21 22:27:14,065 DEBUG -   Target = Instance (528) 
2017-03-21 22:27:14,065 DEBUG -   Run = True (529) 
2017-03-21 22:27:14,081 DEBUG - InternalQuery = sys_indexes (526) 
2017-03-21 22:27:14,081 DEBUG -   Version = 0x003F (527) 
2017-03-21 22:27:14,081 DEBUG -   Target = Database (528) 
2017-03-21 22:27:14,081 DEBUG -   Run = True (529) 
2017-03-21 22:27:14,096 DEBUG - InternalQuery = wmi_win32_bios (526) 
2017-03-21 22:27:14,112 DEBUG -   Version = 0xFFFF (527) 
2017-03-21 22:27:14,128 DEBUG -   Target = System (528) 
2017-03-21 22:27:14,143 DEBUG -   Run = True (529) 
2017-03-21 22:27:14,159 DEBUG - InternalQuery = sys_dm_os_spinlock_stats (526) 
2017-03-21 22:27:14,159 DEBUG -   Version = 0x003F (527) 
2017-03-21 22:27:14,174 DEBUG -   Target = Instance (528) 
2017-03-21 22:27:14,174 DEBUG -   Run = True (529) 
2017-03-21 22:27:14,174 DEBUG - InternalQuery = sys_dm_db_missing_index (526) 
2017-03-21 22:27:14,174 DEBUG -   Version = 0x003F (527) 
2017-03-21 22:27:14,190 DEBUG -   Target = Database (528) 
2017-03-21 22:27:14,206 DEBUG -   Run = True (529) 
2017-03-21 22:27:14,206 DEBUG - InternalQuery = msdb_dbo_syscollector_collection_sets (526) 
2017-03-21 22:27:14,206 DEBUG -   Version = 0x003F (527) 
2017-03-21 22:27:14,237 DEBUG -   Target = Instance (528) 
2017-03-21 22:27:14,253 DEBUG -   Run = True (529) 
2017-03-21 22:27:14,253 DEBUG - InternalQuery = sp_spaceused_database (526) 
2017-03-21 22:27:14,268 DEBUG -   Version = 0x003F (527) 
2017-03-21 22:27:14,268 DEBUG -   Target = Instance (528) 
2017-03-21 22:27:14,284 DEBUG -   Run = True (529) 
2017-03-21 22:27:14,284 DEBUG - InternalQuery = sys_dm_exec_query_memory_grants (526) 
2017-03-21 22:27:14,284 DEBUG -   Version = 0x003F (527) 
2017-03-21 22:27:14,299 DEBUG -   Target = Instance (528) 
2017-03-21 22:27:14,299 DEBUG -   Run = True (529) 
2017-03-21 22:27:14,299 DEBUG - InternalQuery = msdb_dbo_sysjobschedules (526) 
2017-03-21 22:27:14,299 DEBUG -   Version = 0x003F (527) 
2017-03-21 22:27:14,315 DEBUG -   Target = Instance (528) 
2017-03-21 22:27:14,315 DEBUG -   Run = True (529) 
2017-03-21 22:27:14,346 DEBUG - InternalQuery = sys_dm_exec_query_stats_userdb_by_stmt_2 (526) 
2017-03-21 22:27:14,346 DEBUG -   Version = 0x0007 (527) 
2017-03-21 22:27:14,362 DEBUG -   Target = Instance (528) 
2017-03-21 22:27:14,362 DEBUG -   Run = True (529) 
2017-03-21 22:27:14,362 DEBUG - InternalQuery = msdb_dbo_sysoperators (526) 
2017-03-21 22:27:14,378 DEBUG -   Version = 0x003F (527) 
2017-03-21 22:27:14,378 DEBUG -   Target = Instance (528) 
2017-03-21 22:27:14,378 DEBUG -   Run = True (529) 
2017-03-21 22:27:14,378 DEBUG - InternalQuery = sys_dm_server_services (526) 
2017-03-21 22:27:14,393 DEBUG -   Version = 0x003E (527) 
2017-03-21 22:27:14,393 DEBUG -   Target = Instance (528) 
2017-03-21 22:27:14,393 DEBUG -   Run = True (529) 
2017-03-21 22:27:14,409 DEBUG - InternalQuery = sys_dm_exec_query_stats_userdb_by_text_2 (526) 
2017-03-21 22:27:14,424 DEBUG -   Version = 0x0007 (527) 
2017-03-21 22:27:14,424 DEBUG -   Target = Instance (528) 
2017-03-21 22:27:14,424 DEBUG -   Run = True (529) 
2017-03-21 22:27:14,440 DEBUG - InternalQuery = sys_database_scoped_configurations (526) 
2017-03-21 22:27:14,440 DEBUG -   Version = 0x0020 (527) 
2017-03-21 22:27:14,440 DEBUG -   Target = Database (528) 
2017-03-21 22:27:14,456 DEBUG -   Run = True (529) 
2017-03-21 22:27:14,456 DEBUG - InternalQuery = sys_master_files_2 (526) 
2017-03-21 22:27:14,456 DEBUG -   Version = 0x0003 (527) 
2017-03-21 22:27:14,471 DEBUG -   Target = Instance (528) 
2017-03-21 22:27:14,471 DEBUG -   Run = True (529) 
2017-03-21 22:27:14,471 DEBUG - InternalQuery = sys_dm_exec_cached_plans_userdb (526) 
2017-03-21 22:27:14,487 DEBUG -   Version = 0x003F (527) 
2017-03-21 22:27:14,487 DEBUG -   Target = Database (528) 
2017-03-21 22:27:14,487 DEBUG -   Run = True (529) 
2017-03-21 22:27:14,487 DEBUG - InternalQuery = readerrorlog_ifi (526) 
2017-03-21 22:27:14,503 DEBUG -   Version = 0x0030 (527) 
2017-03-21 22:27:14,518 DEBUG -   Target = Instance (528) 
2017-03-21 22:27:14,518 DEBUG -   Run = True (529) 
2017-03-21 22:27:14,518 DEBUG - InternalQuery = serverproperty (526) 
2017-03-21 22:27:14,518 DEBUG -   Version = 0x003F (527) 
2017-03-21 22:27:14,581 DEBUG -   Target = Instance (528) 
2017-03-21 22:27:14,581 DEBUG -   Run = True (529) 
2017-03-21 22:27:14,596 DEBUG - InternalQuery = msdb_dbo_sysjobsteps (526) 
2017-03-21 22:27:14,596 DEBUG -   Version = 0x003F (527) 
2017-03-21 22:27:14,596 DEBUG -   Target = Instance (528) 
2017-03-21 22:27:14,596 DEBUG -   Run = True (529) 
2017-03-21 22:27:14,612 DEBUG - InternalQuery = msdb_dbo_sysschedules (526) 
2017-03-21 22:27:14,674 DEBUG -   Version = 0x003F (527) 
2017-03-21 22:27:14,690 DEBUG -   Target = Instance (528) 
2017-03-21 22:27:14,690 DEBUG -   Run = True (529) 
2017-03-21 22:27:14,706 DEBUG - InternalQuery = sys_dm_os_schedulers (526) 
2017-03-21 22:27:14,706 DEBUG -   Version = 0x003F (527) 
2017-03-21 22:27:14,706 DEBUG -   Target = Instance (528) 
2017-03-21 22:27:14,706 DEBUG -   Run = True (529) 
2017-03-21 22:27:14,721 DEBUG - InternalQuery = sys_dm_db_index_operational_stats_lock_sysdb (526) 
2017-03-21 22:27:14,737 DEBUG -   Version = 0x003F (527) 
2017-03-21 22:27:14,737 DEBUG -   Target = Instance (528) 
2017-03-21 22:27:14,737 DEBUG -   Run = True (529) 
2017-03-21 22:27:14,753 DEBUG - InternalQuery = sys_stats (526) 
2017-03-21 22:27:14,753 DEBUG -   Version = 0x0007 (527) 
2017-03-21 22:27:14,753 DEBUG -   Target = Database (528) 
2017-03-21 22:27:14,768 DEBUG -   Run = True (529) 
2017-03-21 22:27:14,768 DEBUG - InternalQuery = msdb_dbo_backupset_2 (526) 
2017-03-21 22:27:14,768 DEBUG -   Version = 0x0006 (527) 
2017-03-21 22:27:14,768 DEBUG -   Target = Instance (528) 
2017-03-21 22:27:14,784 DEBUG -   Run = True (529) 
2017-03-21 22:27:14,784 DEBUG - InternalQuery = sys_dm_os_sys_info (526) 
2017-03-21 22:27:14,799 DEBUG -   Version = 0x003E (527) 
2017-03-21 22:27:14,799 DEBUG -   Target = Instance (528) 
2017-03-21 22:27:14,799 DEBUG -   Run = True (529) 
2017-03-21 22:27:14,815 DEBUG - InternalQuery = sys_dm_exec_query_stats_sysdb_by_text (526) 
2017-03-21 22:27:14,815 DEBUG -   Version = 0x0038 (527) 
2017-03-21 22:27:14,815 DEBUG -   Target = Instance (528) 
2017-03-21 22:27:14,815 DEBUG -   Run = True (529) 
2017-03-21 22:27:14,831 DEBUG - InternalQuery = sys_dm_exec_query_stats_sysdb_by_stmt (526) 
2017-03-21 22:27:14,831 DEBUG -   Version = 0x0038 (527) 
2017-03-21 22:27:14,831 DEBUG -   Target = Instance (528) 
2017-03-21 22:27:14,831 DEBUG -   Run = True (529) 
2017-03-21 22:27:14,862 DEBUG - InternalQuery = sys_dm_exec_query_optimizer_info (526) 
2017-03-21 22:27:14,862 DEBUG -   Version = 0x003F (527) 
2017-03-21 22:27:14,862 DEBUG -   Target = Instance (528) 
2017-03-21 22:27:14,862 DEBUG -   Run = True (529) 
2017-03-21 22:27:14,878 DEBUG - InternalQuery = sys_configurations (526) 
2017-03-21 22:27:14,878 DEBUG -   Version = 0x003F (527) 
2017-03-21 22:27:14,878 DEBUG -   Target = Instance (528) 
2017-03-21 22:27:14,893 DEBUG -   Run = True (529) 
2017-03-21 22:27:14,893 DEBUG - InternalQuery = sys_dm_database_encryption_keys (526) 
2017-03-21 22:27:14,893 DEBUG -   Version = 0x003E (527) 
2017-03-21 22:27:14,909 DEBUG -   Target = Instance (528) 
2017-03-21 22:27:14,909 DEBUG -   Run = True (529) 
2017-03-21 22:27:14,909 DEBUG - InternalQuery = sys_dm_io_virtual_file_stats (526) 
2017-03-21 22:27:14,924 DEBUG -   Version = 0x003F (527) 
2017-03-21 22:27:14,924 DEBUG -   Target = Instance (528) 
2017-03-21 22:27:14,924 DEBUG -   Run = True (529) 
2017-03-21 22:27:14,956 DEBUG - InternalQuery = sys_dm_db_index_usage_stats (526) 
2017-03-21 22:27:14,956 DEBUG -   Version = 0x003F (527) 
2017-03-21 22:27:14,956 DEBUG -   Target = Database (528) 
2017-03-21 22:27:14,956 DEBUG -   Run = True (529) 
2017-03-21 22:27:14,971 DEBUG - InternalQuery = sys_dm_exec_query_stats_sysdb_by_text_2 (526) 
2017-03-21 22:27:14,971 DEBUG -   Version = 0x0007 (527) 
2017-03-21 22:27:14,987 DEBUG -   Target = Instance (528) 
2017-03-21 22:27:14,987 DEBUG -   Run = True (529) 
2017-03-21 22:27:14,987 DEBUG - InternalQuery = sys_dm_exec_query_stats_userdb_by_stmt (526) 
2017-03-21 22:27:14,987 DEBUG -   Version = 0x0038 (527) 
2017-03-21 22:27:15,003 DEBUG -   Target = Instance (528) 
2017-03-21 22:27:15,003 DEBUG -   Run = True (529) 
2017-03-21 22:27:15,003 DEBUG - InternalQuery = sys_dm_exec_query_stats_userdb_by_text (526) 
2017-03-21 22:27:15,003 DEBUG -   Version = 0x0038 (527) 
2017-03-21 22:27:15,018 DEBUG -   Target = Instance (528) 
2017-03-21 22:27:15,018 DEBUG -   Run = True (529) 
2017-03-21 22:27:15,018 DEBUG - InternalQuery = sys_dm_os_latch_stats (526) 
2017-03-21 22:27:15,034 DEBUG -   Version = 0x003F (527) 
2017-03-21 22:27:15,049 DEBUG -   Target = Instance (528) 
2017-03-21 22:27:15,049 DEBUG -   Run = True (529) 
2017-03-21 22:27:15,065 DEBUG - InternalQuery = sys_dm_db_file_space_usage (526) 
2017-03-21 22:27:15,065 DEBUG -   Version = 0x003F (527) 
2017-03-21 22:27:15,065 DEBUG -   Target = Instance (528) 
2017-03-21 22:27:15,081 DEBUG -   Run = True (529) 
2017-03-21 22:27:15,096 DEBUG - InternalQuery = sys_resource_governor_resource_pools (526) 
2017-03-21 22:27:15,112 DEBUG -   Version = 0x003F (527) 
2017-03-21 22:27:15,128 DEBUG -   Target = Instance (528) 
2017-03-21 22:27:15,128 DEBUG -   Run = True (529) 
2017-03-21 22:27:15,143 DEBUG - InternalQuery = sys_dm_exec_query_stats_sysdb_by_stmt_2 (526) 
2017-03-21 22:27:15,143 DEBUG -   Version = 0x0007 (527) 
2017-03-21 22:27:15,143 DEBUG -   Target = Instance (528) 
2017-03-21 22:27:15,159 DEBUG -   Run = True (529) 
2017-03-21 22:27:15,159 DEBUG - InternalQuery = readerrorlog_num_of_phisical_cores (526) 
2017-03-21 22:27:15,174 DEBUG -   Version = 0x003F (527) 
2017-03-21 22:27:15,174 DEBUG -   Target = Instance (528) 
2017-03-21 22:27:15,174 DEBUG -   Run = True (529) 
2017-03-21 22:27:15,190 DEBUG - InternalQuery = sys_xp_instance_regread_processornamestring (526) 
2017-03-21 22:27:15,190 DEBUG -   Version = 0x003F (527) 
2017-03-21 22:27:15,190 DEBUG -   Target = Instance (528) 
2017-03-21 22:27:15,206 DEBUG -   Run = True (529) 
2017-03-21 22:27:15,206 DEBUG - InternalQuery = sys_dm_exec_cursors (526) 
2017-03-21 22:27:15,206 DEBUG -   Version = 0x003F (527) 
2017-03-21 22:27:15,221 DEBUG -   Target = Instance (528) 
2017-03-21 22:27:15,221 DEBUG -   Run = True (529) 
2017-03-21 22:27:15,221 DEBUG - InternalQuery = sys_dm_os_wait_stats (526) 
2017-03-21 22:27:15,237 DEBUG -   Version = 0x003F (527) 
2017-03-21 22:27:15,237 DEBUG -   Target = Instance (528) 
2017-03-21 22:27:15,237 DEBUG -   Run = True (529) 
2017-03-21 22:27:15,253 DEBUG - InternalQuery = sys_dm_server_registry (526) 
2017-03-21 22:27:15,253 DEBUG -   Version = 0x003E (527) 
2017-03-21 22:27:15,253 DEBUG -   Target = Instance (528) 
2017-03-21 22:27:15,268 DEBUG -   Run = True (529) 
2017-03-21 22:27:15,268 DEBUG - InternalQuery = sys_dm_tran_database_transactions (526) 
2017-03-21 22:27:15,268 DEBUG -   Version = 0x003F (527) 
2017-03-21 22:27:15,268 DEBUG -   Target = Instance (528) 
2017-03-21 22:27:15,284 DEBUG -   Run = True (529) 
2017-03-21 22:27:15,284 DEBUG - InternalQuery = dbcc_tracestatus (526) 
2017-03-21 22:27:15,284 DEBUG -   Version = 0x003F (527) 
2017-03-21 22:27:15,299 DEBUG -   Target = Instance (528) 
2017-03-21 22:27:15,299 DEBUG -   Run = True (529) 
2017-03-21 22:27:15,299 DEBUG - InternalQuery = sys_dm_os_nodes (526) 
2017-03-21 22:27:15,315 DEBUG -   Version = 0x003E (527) 
2017-03-21 22:27:15,315 DEBUG -   Target = Instance (528) 
2017-03-21 22:27:15,315 DEBUG -   Run = True (529) 
2017-03-21 22:27:15,315 DEBUG - InternalQuery = sys_dm_os_performance_counters_batch_resp_statistics (526) 
2017-03-21 22:27:15,331 DEBUG -   Version = 0x0038 (527) 
2017-03-21 22:27:15,331 DEBUG -   Target = Instance (528) 
2017-03-21 22:27:15,331 DEBUG -   Run = True (529) 
2017-03-21 22:27:15,362 DEBUG - InternalQuery = sys_dm_db_index_physical_stats (526) 
2017-03-21 22:27:15,362 DEBUG -   Version = 0x003F (527) 
2017-03-21 22:27:15,378 DEBUG -   Target = Database (528) 
2017-03-21 22:27:15,378 DEBUG -   Run = True (529) 
2017-03-21 22:27:15,378 DEBUG - InternalQuery = sys_xp_enumerrorlogs (526) 
2017-03-21 22:27:15,393 DEBUG -   Version = 0x003F (527) 
2017-03-21 22:27:15,393 DEBUG -   Target = Instance (528) 
2017-03-21 22:27:15,393 DEBUG -   Run = True (529) 
2017-03-21 22:27:15,424 DEBUG - InternalQuery = sys_dm_db_index_operational_stats_lock_userdb (526) 
2017-03-21 22:27:15,424 DEBUG -   Version = 0x003F (527) 
2017-03-21 22:27:15,424 DEBUG -   Target = Database (528) 
2017-03-21 22:27:15,440 DEBUG -   Run = True (529) 
2017-03-21 22:27:15,456 DEBUG - InternalQuery = sys_dm_os_process_memory (526) 
2017-03-21 22:27:15,456 DEBUG -   Version = 0x003F (527) 
2017-03-21 22:27:15,456 DEBUG -   Target = Instance (528) 
2017-03-21 22:27:15,456 DEBUG -   Run = True (529) 
2017-03-21 22:27:15,471 DEBUG - InternalQuery = msdb_dbo_syscollector_collection_items (526) 
2017-03-21 22:27:15,471 DEBUG -   Version = 0x003F (527) 
2017-03-21 22:27:15,471 DEBUG -   Target = Instance (528) 
2017-03-21 22:27:15,487 DEBUG -   Run = True (529) 
2017-03-21 22:27:15,487 DEBUG - InternalQuery = sys_databases (526) 
2017-03-21 22:27:15,487 DEBUG -   Version = 0x003F (527) 
2017-03-21 22:27:15,487 DEBUG -   Target = Instance (528) 
2017-03-21 22:27:15,503 DEBUG -   Run = True (529) 
2017-03-21 22:27:15,518 DEBUG - InternalQuery = sys_dm_os_memory_cache_clock_hands_2 (526) 
2017-03-21 22:27:15,518 DEBUG -   Version = 0x0007 (527) 
2017-03-21 22:27:15,518 DEBUG -   Target = Instance (528) 
2017-03-21 22:27:15,518 DEBUG -   Run = True (529) 
2017-03-21 22:27:15,534 DEBUG - InternalQuery = sp_spaceused_object (526) 
2017-03-21 22:27:15,549 DEBUG -   Version = 0x003F (527) 
2017-03-21 22:27:15,565 DEBUG -   Target = Database (528) 
2017-03-21 22:27:15,565 DEBUG -   Run = False (529) 
2017-03-21 22:27:15,581 DEBUG - InternalQuery = dbcc_dbinfo (526) 
2017-03-21 22:27:15,581 DEBUG -   Version = 0x003F (527) 
2017-03-21 22:27:15,581 DEBUG -   Target = Database (528) 
2017-03-21 22:27:15,612 DEBUG -   Run = True (529) 
2017-03-21 22:27:15,612 DEBUG - InternalQuery = sys_dm_os_windows_info (526) 
2017-03-21 22:27:15,628 DEBUG -   Version = 0x003C (527) 
2017-03-21 22:27:15,643 DEBUG -   Target = Instance (528) 
2017-03-21 22:27:15,643 DEBUG -   Run = True (529) 
2017-03-21 22:27:15,659 DEBUG - InternalQuery = sys_dm_os_wait_stats_ratio (526) 
2017-03-21 22:27:15,659 DEBUG -   Version = 0x003F (527) 
2017-03-21 22:27:15,674 DEBUG -   Target = Instance (528) 
2017-03-21 22:27:15,674 DEBUG -   Run = True (529) 
2017-03-21 22:27:15,690 DEBUG - InternalQuery = sys_dm_db_index_operational_stats_sysdb (526) 
2017-03-21 22:27:15,690 DEBUG -   Version = 0x003F (527) 
2017-03-21 22:27:15,690 DEBUG -   Target = Instance (528) 
2017-03-21 22:27:15,706 DEBUG -   Run = True (529) 
2017-03-21 22:27:15,706 DEBUG - InternalQuery = sys_dm_db_persisted_sku_features (526) 
2017-03-21 22:27:15,706 DEBUG -   Version = 0x003E (527) 
2017-03-21 22:27:15,721 DEBUG -   Target = Instance (528) 
2017-03-21 22:27:15,721 DEBUG -   Run = True (529) 
2017-03-21 22:27:15,721 DEBUG - InternalQuery = sys_dm_os_ring_buffers (526) 
2017-03-21 22:27:15,737 DEBUG -   Version = 0x003F (527) 
2017-03-21 22:27:15,737 DEBUG -   Target = Instance (528) 
2017-03-21 22:27:15,737 DEBUG -   Run = True (529) 
2017-03-21 22:27:15,737 DEBUG - InternalQuery = msdb_dbo_backupset (526) 
2017-03-21 22:27:15,753 DEBUG -   Version = 0x0038 (527) 
2017-03-21 22:27:15,753 DEBUG -   Target = Instance (528) 
2017-03-21 22:27:15,753 DEBUG -   Run = True (529) 
2017-03-21 22:27:15,753 DEBUG - InternalQuery = dbcc_sqlperf_logspace (526) 
2017-03-21 22:27:15,768 DEBUG -   Version = 0x003F (527) 
2017-03-21 22:27:15,768 DEBUG -   Target = Instance (528) 
2017-03-21 22:27:15,768 DEBUG -   Run = True (529) 
2017-03-21 22:27:15,768 DEBUG - InternalQuery = sys_dm_tcp_listener_states (526) 
2017-03-21 22:27:15,784 DEBUG -   Version = 0x0038 (527) 
2017-03-21 22:27:15,784 DEBUG -   Target = Instance (528) 
2017-03-21 22:27:15,784 DEBUG -   Run = True (529) 
2017-03-21 22:27:15,799 INFO -  8/10. Execute Query. (175) 
2017-03-21 22:27:15,815 DEBUG - Instance:query1->result\mssqlstats_20170321102713\query1.csv (198) 
2017-03-21 22:27:15,940 DEBUG - Instance:query2->result\mssqlstats_20170321102713\query2.csv (198) 
2017-03-21 22:27:15,956 DEBUG - Instance:query3->result\mssqlstats_20170321102713\query3.csv (198) 
2017-03-21 22:27:16,018 ERROR - query exec error. (201) 
2017-03-21 22:27:16,018 ERROR - Invalid object name 'tblVarcharMax'. (201) 
2017-03-21 22:27:16,034 ERROR -    場所 System.Data.SqlClient.SqlConnection.OnError(SqlException exception, Boolean breakConnection)
   場所 System.Data.SqlClient.TdsParser.ThrowExceptionAndWarning(TdsParserStateObject stateObj)
   場所 System.Data.SqlClient.TdsParser.Run(RunBehavior runBehavior, SqlCommand cmdHandler, SqlDataReader dataStream, BulkCopySimpleResultSet bulkCopyHandler, TdsParserStateObject stateObj)
   場所 System.Data.SqlClient.SqlDataReader.ConsumeMetaData()
   場所 System.Data.SqlClient.SqlDataReader.get_MetaData()
   場所 System.Data.SqlClient.SqlCommand.FinishExecuteReader(SqlDataReader ds, RunBehavior runBehavior, String resetOptionsString)
   場所 System.Data.SqlClient.SqlCommand.RunExecuteReaderTds(CommandBehavior cmdBehavior, RunBehavior runBehavior, Boolean returnStream, Boolean async)
   場所 System.Data.SqlClient.SqlCommand.RunExecuteReader(CommandBehavior cmdBehavior, RunBehavior runBehavior, Boolean returnStream, String method, DbAsyncResult result)
   場所 System.Data.SqlClient.SqlCommand.RunExecuteReader(CommandBehavior cmdBehavior, RunBehavior runBehavior, Boolean returnStream, String method)
   場所 System.Data.SqlClient.SqlCommand.ExecuteReader(CommandBehavior behavior, String method)
   場所 System.Data.SqlClient.SqlCommand.ExecuteReader()
   場所 mssqlstats.Program.Main(String[] args) 場所 C:\Users\o9o9\Dropbox\Tech\source\mssqlstats\mssqlstats\Program.cs:行 201 (201) 
2017-03-21 22:27:16,049 DEBUG - Instance:testquery_over8000string->result\mssqlstats_20170321102713\testquery_over8000string.csv (198) 
2017-03-21 22:27:16,128 ERROR - query exec error. (201) 
2017-03-21 22:27:16,143 ERROR - Invalid object name 'over8000string'. (201) 
2017-03-21 22:27:16,143 ERROR -    場所 System.Data.SqlClient.SqlConnection.OnError(SqlException exception, Boolean breakConnection)
   場所 System.Data.SqlClient.TdsParser.ThrowExceptionAndWarning(TdsParserStateObject stateObj)
   場所 System.Data.SqlClient.TdsParser.Run(RunBehavior runBehavior, SqlCommand cmdHandler, SqlDataReader dataStream, BulkCopySimpleResultSet bulkCopyHandler, TdsParserStateObject stateObj)
   場所 System.Data.SqlClient.SqlDataReader.ConsumeMetaData()
   場所 System.Data.SqlClient.SqlDataReader.get_MetaData()
   場所 System.Data.SqlClient.SqlCommand.FinishExecuteReader(SqlDataReader ds, RunBehavior runBehavior, String resetOptionsString)
   場所 System.Data.SqlClient.SqlCommand.RunExecuteReaderTds(CommandBehavior cmdBehavior, RunBehavior runBehavior, Boolean returnStream, Boolean async)
   場所 System.Data.SqlClient.SqlCommand.RunExecuteReader(CommandBehavior cmdBehavior, RunBehavior runBehavior, Boolean returnStream, String method, DbAsyncResult result)
   場所 System.Data.SqlClient.SqlCommand.RunExecuteReader(CommandBehavior cmdBehavior, RunBehavior runBehavior, Boolean returnStream, String method)
   場所 System.Data.SqlClient.SqlCommand.ExecuteReader(CommandBehavior behavior, String method)
   場所 System.Data.SqlClient.SqlCommand.ExecuteReader()
   場所 mssqlstats.Program.Main(String[] args) 場所 C:\Users\o9o9\Dropbox\Tech\source\mssqlstats\mssqlstats\Program.cs:行 201 (201) 
2017-03-21 22:27:16,174 DEBUG - Instance:msdb_dbo_sysproxies->result\mssqlstats_20170321102713\msdb_dbo_sysproxies.csv (198) 
2017-03-21 22:27:16,221 DEBUG - Instance:msdb_dbo_sysmaintplan_plans->result\mssqlstats_20170321102713\msdb_dbo_sysmaintplan_plans.csv (198) 
2017-03-21 22:27:16,268 DEBUG - Instance:sys_resource_governor_workload_groups->result\mssqlstats_20170321102713\sys_resource_governor_workload_groups.csv (198) 
2017-03-21 22:27:16,331 DEBUG - DB(db01):sys_dm_db_stats_properties->result\mssqlstats_20170321102713\db01\sys_dm_db_stats_properties.csv (211) 
2017-03-21 22:27:16,393 DEBUG - DB(db02):sys_dm_db_stats_properties->result\mssqlstats_20170321102713\db02\sys_dm_db_stats_properties.csv (211) 
2017-03-21 22:27:16,456 DEBUG - Instance:msdb_dbo_sysalerts->result\mssqlstats_20170321102713\msdb_dbo_sysalerts.csv (198) 
2017-03-21 22:27:16,518 DEBUG - Instance:sys_master_files->result\mssqlstats_20170321102713\sys_master_files.csv (198) 
2017-03-21 22:27:16,612 DEBUG - Instance:sys_dm_os_workers->result\mssqlstats_20170321102713\sys_dm_os_workers.csv (198) 
2017-03-21 22:27:16,706 DEBUG - Instance:sys_dm_exec_cached_plans_sysdb->result\mssqlstats_20170321102713\sys_dm_exec_cached_plans_sysdb.csv (198) 
2017-03-21 22:27:16,768 DEBUG - Instance:sys_dm_exec_cached_plans_reused_ratio->result\mssqlstats_20170321102713\sys_dm_exec_cached_plans_reused_ratio.csv (198) 
2017-03-21 22:27:16,799 DEBUG - Instance:sys_dm_server_memory_dumps->result\mssqlstats_20170321102713\sys_dm_server_memory_dumps.csv (198) 
2017-03-21 22:27:16,831 DEBUG - Instance:xp_regread_preferred_plan->result\mssqlstats_20170321102713\xp_regread_preferred_plan.csv (198) 
2017-03-21 22:27:16,862 DEBUG - DB(db01):sys_dm_db_index_operational_stats_userdb->result\mssqlstats_20170321102713\db01\sys_dm_db_index_operational_stats_userdb.csv (211) 
2017-03-21 22:27:16,924 DEBUG - DB(db02):sys_dm_db_index_operational_stats_userdb->result\mssqlstats_20170321102713\db02\sys_dm_db_index_operational_stats_userdb.csv (211) 
2017-03-21 22:27:17,003 DEBUG - Instance:sys_dm_exec_cached_plans_size->result\mssqlstats_20170321102713\sys_dm_exec_cached_plans_size.csv (198) 
2017-03-21 22:27:17,034 DEBUG - Instance:sys_dm_os_memory_cache_clock_hands->result\mssqlstats_20170321102713\sys_dm_os_memory_cache_clock_hands.csv (198) 
2017-03-21 22:27:17,065 DEBUG - System:wmi_win32_service->result\mssqlstats_20170321102713\wmi_win32_service.csv (186) 
2017-03-21 22:27:17,471 DEBUG - Instance:sys_resource_governor_configuration->result\mssqlstats_20170321102713\sys_resource_governor_configuration.csv (198) 
2017-03-21 22:27:17,503 DEBUG - Instance:sys_dm_os_sys_memory->result\mssqlstats_20170321102713\sys_dm_os_sys_memory.csv (198) 
2017-03-21 22:27:17,518 DEBUG - DB(db01):sys_indexes->result\mssqlstats_20170321102713\db01\sys_indexes.csv (211) 
2017-03-21 22:27:17,628 DEBUG - DB(db02):sys_indexes->result\mssqlstats_20170321102713\db02\sys_indexes.csv (211) 
2017-03-21 22:27:17,737 DEBUG - System:wmi_win32_bios->result\mssqlstats_20170321102713\wmi_win32_bios.csv (186) 
2017-03-21 22:27:17,784 ERROR - Can not connect Management target. (619) 
2017-03-21 22:27:17,799 ERROR - オブジェクト参照がオブジェクト インスタンスに設定されていません。 (619) 
2017-03-21 22:27:17,815 ERROR -    場所 CsvHelper.CsvWriter.WriteField[T](T field)
   場所 mssqlstats.Program.WriteCSV(ManagementScope scope, String wmi_query, String csvfile) 場所 C:\Users\o9o9\Dropbox\Tech\source\mssqlstats\mssqlstats\Program.cs:行 619 (619) 
2017-03-21 22:27:17,815 DEBUG - Instance:sys_dm_os_spinlock_stats->result\mssqlstats_20170321102713\sys_dm_os_spinlock_stats.csv (198) 
2017-03-21 22:27:17,846 DEBUG - DB(db01):sys_dm_db_missing_index->result\mssqlstats_20170321102713\db01\sys_dm_db_missing_index.csv (211) 
2017-03-21 22:27:17,878 DEBUG - DB(db02):sys_dm_db_missing_index->result\mssqlstats_20170321102713\db02\sys_dm_db_missing_index.csv (211) 
2017-03-21 22:27:17,893 DEBUG - Instance:msdb_dbo_syscollector_collection_sets->result\mssqlstats_20170321102713\msdb_dbo_syscollector_collection_sets.csv (198) 
2017-03-21 22:27:17,924 DEBUG - Instance:sp_spaceused_database->result\mssqlstats_20170321102713\sp_spaceused_database.csv (198) 
2017-03-21 22:27:19,237 DEBUG - Instance:sys_dm_exec_query_memory_grants->result\mssqlstats_20170321102713\sys_dm_exec_query_memory_grants.csv (198) 
2017-03-21 22:27:19,268 DEBUG - Instance:msdb_dbo_sysjobschedules->result\mssqlstats_20170321102713\msdb_dbo_sysjobschedules.csv (198) 
2017-03-21 22:27:19,346 DEBUG - Instance:msdb_dbo_sysoperators->result\mssqlstats_20170321102713\msdb_dbo_sysoperators.csv (198) 
2017-03-21 22:27:19,362 DEBUG - Instance:sys_dm_server_services->result\mssqlstats_20170321102713\sys_dm_server_services.csv (198) 
2017-03-21 22:27:19,409 DEBUG - DB(db01):sys_database_scoped_configurations->result\mssqlstats_20170321102713\db01\sys_database_scoped_configurations.csv (211) 
2017-03-21 22:27:19,440 DEBUG - DB(db02):sys_database_scoped_configurations->result\mssqlstats_20170321102713\db02\sys_database_scoped_configurations.csv (211) 
2017-03-21 22:27:19,456 DEBUG - DB(db01):sys_dm_exec_cached_plans_userdb->result\mssqlstats_20170321102713\db01\sys_dm_exec_cached_plans_userdb.csv (211) 
2017-03-21 22:27:19,518 DEBUG - DB(db02):sys_dm_exec_cached_plans_userdb->result\mssqlstats_20170321102713\db02\sys_dm_exec_cached_plans_userdb.csv (211) 
2017-03-21 22:27:19,581 DEBUG - Instance:readerrorlog_ifi->result\mssqlstats_20170321102713\readerrorlog_ifi.csv (198) 
2017-03-21 22:27:19,628 DEBUG - Instance:serverproperty->result\mssqlstats_20170321102713\serverproperty.csv (198) 
2017-03-21 22:27:19,643 DEBUG - Instance:msdb_dbo_sysjobsteps->result\mssqlstats_20170321102713\msdb_dbo_sysjobsteps.csv (198) 
2017-03-21 22:27:19,659 DEBUG - Instance:msdb_dbo_sysschedules->result\mssqlstats_20170321102713\msdb_dbo_sysschedules.csv (198) 
2017-03-21 22:27:19,690 DEBUG - Instance:sys_dm_os_schedulers->result\mssqlstats_20170321102713\sys_dm_os_schedulers.csv (198) 
2017-03-21 22:27:19,721 DEBUG - Instance:sys_dm_db_index_operational_stats_lock_sysdb->result\mssqlstats_20170321102713\sys_dm_db_index_operational_stats_lock_sysdb.csv (198) 
2017-03-21 22:27:19,753 DEBUG - Instance:sys_dm_os_sys_info->result\mssqlstats_20170321102713\sys_dm_os_sys_info.csv (198) 
2017-03-21 22:27:19,772 DEBUG - Instance:sys_dm_exec_query_stats_sysdb_by_text->result\mssqlstats_20170321102713\sys_dm_exec_query_stats_sysdb_by_text.csv (198) 
2017-03-21 22:27:21,519 DEBUG - Instance:sys_dm_exec_query_stats_sysdb_by_stmt->result\mssqlstats_20170321102713\sys_dm_exec_query_stats_sysdb_by_stmt.csv (198) 
2017-03-21 22:27:21,599 DEBUG - Instance:sys_dm_exec_query_optimizer_info->result\mssqlstats_20170321102713\sys_dm_exec_query_optimizer_info.csv (198) 
2017-03-21 22:27:21,628 DEBUG - Instance:sys_configurations->result\mssqlstats_20170321102713\sys_configurations.csv (198) 
2017-03-21 22:27:21,644 DEBUG - Instance:sys_dm_database_encryption_keys->result\mssqlstats_20170321102713\sys_dm_database_encryption_keys.csv (198) 
2017-03-21 22:27:21,706 DEBUG - Instance:sys_dm_io_virtual_file_stats->result\mssqlstats_20170321102713\sys_dm_io_virtual_file_stats.csv (198) 
2017-03-21 22:27:21,738 DEBUG - DB(db01):sys_dm_db_index_usage_stats->result\mssqlstats_20170321102713\db01\sys_dm_db_index_usage_stats.csv (211) 
2017-03-21 22:27:21,769 DEBUG - DB(db02):sys_dm_db_index_usage_stats->result\mssqlstats_20170321102713\db02\sys_dm_db_index_usage_stats.csv (211) 
2017-03-21 22:27:21,816 DEBUG - Instance:sys_dm_exec_query_stats_userdb_by_stmt->result\mssqlstats_20170321102713\sys_dm_exec_query_stats_userdb_by_stmt.csv (198) 
2017-03-21 22:27:21,863 DEBUG - Instance:sys_dm_exec_query_stats_userdb_by_text->result\mssqlstats_20170321102713\sys_dm_exec_query_stats_userdb_by_text.csv (198) 
2017-03-21 22:27:21,894 DEBUG - Instance:sys_dm_os_latch_stats->result\mssqlstats_20170321102713\sys_dm_os_latch_stats.csv (198) 
2017-03-21 22:27:21,910 DEBUG - Instance:sys_dm_db_file_space_usage->result\mssqlstats_20170321102713\sys_dm_db_file_space_usage.csv (198) 
2017-03-21 22:27:21,941 DEBUG - Instance:sys_resource_governor_resource_pools->result\mssqlstats_20170321102713\sys_resource_governor_resource_pools.csv (198) 
2017-03-21 22:27:21,972 DEBUG - Instance:readerrorlog_num_of_phisical_cores->result\mssqlstats_20170321102713\readerrorlog_num_of_phisical_cores.csv (198) 
2017-03-21 22:27:22,003 DEBUG - Instance:sys_xp_instance_regread_processornamestring->result\mssqlstats_20170321102713\sys_xp_instance_regread_processornamestring.csv (198) 
2017-03-21 22:27:22,019 DEBUG - Instance:sys_dm_exec_cursors->result\mssqlstats_20170321102713\sys_dm_exec_cursors.csv (198) 
2017-03-21 22:27:22,035 DEBUG - Instance:sys_dm_os_wait_stats->result\mssqlstats_20170321102713\sys_dm_os_wait_stats.csv (198) 
2017-03-21 22:27:22,081 DEBUG - Instance:sys_dm_server_registry->result\mssqlstats_20170321102713\sys_dm_server_registry.csv (198) 
2017-03-21 22:27:22,097 DEBUG - Instance:sys_dm_tran_database_transactions->result\mssqlstats_20170321102713\sys_dm_tran_database_transactions.csv (198) 
2017-03-21 22:27:22,144 DEBUG - Instance:dbcc_tracestatus->result\mssqlstats_20170321102713\dbcc_tracestatus.csv (198) 
2017-03-21 22:27:22,160 DEBUG - Instance:sys_dm_os_nodes->result\mssqlstats_20170321102713\sys_dm_os_nodes.csv (198) 
2017-03-21 22:27:22,176 DEBUG - Instance:sys_dm_os_performance_counters_batch_resp_statistics->result\mssqlstats_20170321102713\sys_dm_os_performance_counters_batch_resp_statistics.csv (198) 
2017-03-21 22:27:22,238 DEBUG - DB(db01):sys_dm_db_index_physical_stats->result\mssqlstats_20170321102713\db01\sys_dm_db_index_physical_stats.csv (211) 
2017-03-21 22:27:24,760 DEBUG - DB(db02):sys_dm_db_index_physical_stats->result\mssqlstats_20170321102713\db02\sys_dm_db_index_physical_stats.csv (211) 
2017-03-21 22:27:24,870 DEBUG - Instance:sys_xp_enumerrorlogs->result\mssqlstats_20170321102713\sys_xp_enumerrorlogs.csv (198) 
2017-03-21 22:27:24,901 DEBUG - DB(db01):sys_dm_db_index_operational_stats_lock_userdb->result\mssqlstats_20170321102713\db01\sys_dm_db_index_operational_stats_lock_userdb.csv (211) 
2017-03-21 22:27:24,932 DEBUG - DB(db02):sys_dm_db_index_operational_stats_lock_userdb->result\mssqlstats_20170321102713\db02\sys_dm_db_index_operational_stats_lock_userdb.csv (211) 
2017-03-21 22:27:24,948 DEBUG - Instance:sys_dm_os_process_memory->result\mssqlstats_20170321102713\sys_dm_os_process_memory.csv (198) 
2017-03-21 22:27:24,963 DEBUG - Instance:msdb_dbo_syscollector_collection_items->result\mssqlstats_20170321102713\msdb_dbo_syscollector_collection_items.csv (198) 
2017-03-21 22:27:25,010 DEBUG - Instance:sys_databases->result\mssqlstats_20170321102713\sys_databases.csv (198) 
2017-03-21 22:27:25,073 DEBUG - DB(db01):dbcc_dbinfo->result\mssqlstats_20170321102713\db01\dbcc_dbinfo.csv (211) 
2017-03-21 22:27:25,088 DEBUG - DB(db02):dbcc_dbinfo->result\mssqlstats_20170321102713\db02\dbcc_dbinfo.csv (211) 
2017-03-21 22:27:25,104 DEBUG - Instance:sys_dm_os_windows_info->result\mssqlstats_20170321102713\sys_dm_os_windows_info.csv (198) 
2017-03-21 22:27:25,120 DEBUG - Instance:sys_dm_os_wait_stats_ratio->result\mssqlstats_20170321102713\sys_dm_os_wait_stats_ratio.csv (198) 
2017-03-21 22:27:25,151 DEBUG - Instance:sys_dm_db_index_operational_stats_sysdb->result\mssqlstats_20170321102713\sys_dm_db_index_operational_stats_sysdb.csv (198) 
2017-03-21 22:27:25,182 DEBUG - Instance:sys_dm_db_persisted_sku_features->result\mssqlstats_20170321102713\sys_dm_db_persisted_sku_features.csv (198) 
2017-03-21 22:27:25,213 DEBUG - Instance:sys_dm_os_ring_buffers->result\mssqlstats_20170321102713\sys_dm_os_ring_buffers.csv (198) 
2017-03-21 22:27:25,276 DEBUG - Instance:msdb_dbo_backupset->result\mssqlstats_20170321102713\msdb_dbo_backupset.csv (198) 
2017-03-21 22:27:25,417 DEBUG - Instance:dbcc_sqlperf_logspace->result\mssqlstats_20170321102713\dbcc_sqlperf_logspace.csv (198) 
2017-03-21 22:27:25,464 DEBUG - Instance:sys_dm_tcp_listener_states->result\mssqlstats_20170321102713\sys_dm_tcp_listener_states.csv (198) 
2017-03-21 22:27:25,479 INFO -  9/10. Archive Result Folder. (243) 
2017-03-21 22:27:26,182 INFO - 別のプロセスで使用されているため、プロセスはファイル 'sys_dm_server_registry.csv' にアクセスできません。 (652) 
2017-03-21 22:27:26,198 INFO - Retry(1/5) delete folder. (652) 
2017-03-21 22:27:27,214 INFO - 10/10. Completed. (247) 
2017-03-21 22:27:27,261 INFO - Done. (263) 
2017-03-25 14:52:12,723 INFO -  1/10. Start. (85) 
2017-03-25 14:52:12,776 INFO -  2/10. Parse CommandLine Parameters. (88) 
2017-03-25 14:52:12,815 DEBUG - args = -U (310) 
2017-03-25 14:52:12,820 DEBUG - args = test (310) 
2017-03-25 14:52:12,824 DEBUG - args = -P (310) 
2017-03-25 14:52:12,828 DEBUG - args = test (310) 
2017-03-25 14:52:12,832 DEBUG - args = -S (310) 
2017-03-25 14:52:12,836 DEBUG - args = tcp:localhost\mssqlserver,1433 (310) 
2017-03-25 14:52:12,840 DEBUG - args = -Q (310) 
2017-03-25 14:52:12,844 DEBUG - args = query (310) 
2017-03-25 14:52:12,847 DEBUG - args = -o (310) 
2017-03-25 14:52:12,851 DEBUG - args = result (310) 
2017-03-25 14:52:12,855 DEBUG - args = -s (310) 
2017-03-25 14:52:12,859 DEBUG - args = -D (310) 
2017-03-25 14:52:12,862 DEBUG - args = db01,db02 (310) 
2017-03-25 14:52:12,866 DEBUG - args = -l (310) 
2017-03-25 14:52:12,870 DEBUG - args = 180 (310) 
2017-03-25 14:52:12,874 DEBUG - args = -t (310) 
2017-03-25 14:52:12,878 DEBUG - args = 180 (310) 
2017-03-25 14:52:12,882 DEBUG - args = --debug (310) 
2017-03-25 14:52:12,886 DEBUG - args = --sleep (310) 
2017-03-25 14:52:12,890 DEBUG - args = 5 (310) 
2017-03-25 14:52:12,995 DEBUG - protocol = tcp: (354) 
2017-03-25 14:52:13,000 DEBUG - server   = localhost (355) 
2017-03-25 14:52:13,004 DEBUG - instance = \mssqlserver (356) 
2017-03-25 14:52:13,008 DEBUG - port     = ,1433 (357) 
2017-03-25 14:52:13,041 DEBUG - ConnectionString = Data Source=tcp:localhost\mssqlserver,1433;Initial Catalog=master;User ID=test;Password=test (299) 
2017-03-25 14:52:13,062 INFO -  3/10. Try to Connect SQL Server. (95) 
2017-03-25 14:52:13,203 DEBUG - Query Timeout = 180[sec] (370) 
2017-03-25 14:52:13,208 DEBUG - Lock Timeout  = 180[sec] (371) 
