2017-05-23 15:18:38,878 INFO -  1/10. Start. (0) 
2017-05-23 15:18:38,950 INFO -  2/10. Parse CommandLine Parameters. (0) 
2017-05-23 15:18:38,977 DEBUG - args = -U (0) 
2017-05-23 15:18:38,981 DEBUG - args = test (0) 
2017-05-23 15:18:38,985 DEBUG - args = -P (0) 
2017-05-23 15:18:38,988 DEBUG - args = test (0) 
2017-05-23 15:18:38,992 DEBUG - args = -S (0) 
2017-05-23 15:18:38,998 DEBUG - args = tcp:localhost\mssqlserver,1433 (0) 
2017-05-23 15:18:39,010 DEBUG - args = -Q (0) 
2017-05-23 15:18:39,013 DEBUG - args = query (0) 
2017-05-23 15:18:39,030 DEBUG - args = -s (0) 
2017-05-23 15:18:39,035 DEBUG - args = -D (0) 
2017-05-23 15:18:39,044 DEBUG - args = db01,db02 (0) 
2017-05-23 15:18:39,047 DEBUG - args = -l (0) 
2017-05-23 15:18:39,053 DEBUG - args = 180 (0) 
2017-05-23 15:18:39,056 DEBUG - args = -t (0) 
2017-05-23 15:18:39,059 DEBUG - args = 180 (0) 
2017-05-23 15:18:39,063 DEBUG - args = --debug (0) 
2017-05-23 15:18:39,066 DEBUG - args = --sleep (0) 
2017-05-23 15:18:39,086 DEBUG - args = 5 (0) 
2017-05-23 15:18:39,143 DEBUG - protocol = tcp: (0) 
2017-05-23 15:18:39,147 DEBUG - server   = localhost (0) 
2017-05-23 15:18:39,150 DEBUG - instance = \mssqlserver (0) 
2017-05-23 15:18:39,153 DEBUG - port     = ,1433 (0) 
2017-05-23 15:18:39,176 DEBUG - ConnectionString = Data Source=tcp:localhost\mssqlserver,1433;Initial Catalog=master;User ID=test;Password=test (0) 
2017-05-23 15:18:39,186 INFO -  3/10. Try to Connect SQL Server. (0) 
2017-05-23 15:18:39,344 DEBUG - Query Timeout = 180[sec] (0) 
2017-05-23 15:18:39,349 DEBUG - Lock Timeout  = 180[sec] (0) 
2017-05-23 15:18:39,352 INFO -  4/10. Check SQL Server Version. (0) 
2017-05-23 15:18:39,363 DEBUG - SQL Server ProductVersion = 13.0.4001.0 (0) 
2017-05-23 15:18:39,383 DEBUG - SQL Server Version = SQL2016 (0) 
2017-05-23 15:18:39,389 DEBUG - DB version specified in App.config = 0x0020 (0) 
2017-05-23 15:18:39,435 INFO -  5/10. Get Database List. (0) 
2017-05-23 15:18:39,443 INFO -  6/10. Create Result Folder. (0) 
2017-05-23 15:18:39,505 DEBUG - OutputDir = .\output\mssqlstats_20170523031839\db01 (0) 
2017-05-23 15:18:39,545 DEBUG - OutputDir = .\output\mssqlstats_20170523031839\db02 (0) 
2017-05-23 15:18:39,571 INFO -  7/10. Load Query. (0) 
2017-05-23 15:18:39,588 DEBUG - ExternalQuery = query1 (0) 
2017-05-23 15:18:39,667 DEBUG - Instance:query2->.\output\mssqlstats_20170523031839\query2.csv (0) 
2017-05-23 15:18:39,680 DEBUG - Instance:query3->.\output\mssqlstats_20170523031839\query3.csv (0) 
2017-05-23 15:18:39,699 DEBUG - Instance:msdb_dbo_sysproxies->.\output\mssqlstats_20170523031839\msdb_dbo_sysproxies.csv (0) 
2017-05-23 15:18:39,724 DEBUG - Instance:msdb_dbo_sysmaintplan_plans->.\output\mssqlstats_20170523031839\msdb_dbo_sysmaintplan_plans.csv (0) 
2017-05-23 15:18:39,766 DEBUG - Instance:sys_resource_governor_workload_groups->.\output\mssqlstats_20170523031839\sys_resource_governor_workload_groups.csv (0) 
2017-05-23 15:18:39,809 DEBUG - DB(db01):sys_dm_db_stats_properties->.\output\mssqlstats_20170523031839\db01\sys_dm_db_stats_properties.csv (0) 
2017-05-23 15:18:39,854 DEBUG - DB(db02):sys_dm_db_stats_properties->.\output\mssqlstats_20170523031839\db02\sys_dm_db_stats_properties.csv (0) 
2017-05-23 15:18:39,906 DEBUG - Instance:msdb_dbo_sysalerts->.\output\mssqlstats_20170523031839\msdb_dbo_sysalerts.csv (0) 
2017-05-23 15:18:39,942 DEBUG - Instance:sys_master_files->.\output\mssqlstats_20170523031839\sys_master_files.csv (0) 
2017-05-23 15:18:40,067 DEBUG - Instance:sys_dm_exec_query_stats_userdb->.\output\mssqlstats_20170523031839\sys_dm_exec_query_stats_userdb.csv (0) 
2017-05-23 15:18:40,099 DEBUG - Instance:sys_dm_os_workers->.\output\mssqlstats_20170523031839\sys_dm_os_workers.csv (0) 
2017-05-23 15:18:40,180 DEBUG - Instance:sys_dm_exec_cached_plans_sysdb->.\output\mssqlstats_20170523031839\sys_dm_exec_cached_plans_sysdb.csv (0) 
2017-05-23 15:18:40,285 DEBUG - Instance:sys_dm_exec_cached_plans_reused_ratio->.\output\mssqlstats_20170523031839\sys_dm_exec_cached_plans_reused_ratio.csv (0) 
2017-05-23 15:18:40,304 DEBUG - Instance:sys_dm_server_memory_dumps->.\output\mssqlstats_20170523031839\sys_dm_server_memory_dumps.csv (0) 
2017-05-23 15:18:40,354 DEBUG - Instance:xp_regread_preferred_plan->.\output\mssqlstats_20170523031839\xp_regread_preferred_plan.csv (0) 
2017-05-23 15:18:40,438 DEBUG - DB(db01):sys_dm_db_index_operational_stats_userdb->.\output\mssqlstats_20170523031839\db01\sys_dm_db_index_operational_stats_userdb.csv (0) 
2017-05-23 15:18:40,479 DEBUG - DB(db02):sys_dm_db_index_operational_stats_userdb->.\output\mssqlstats_20170523031839\db02\sys_dm_db_index_operational_stats_userdb.csv (0) 
2017-05-23 15:18:40,513 DEBUG - Instance:sys_dm_exec_cached_plans_size->.\output\mssqlstats_20170523031839\sys_dm_exec_cached_plans_size.csv (0) 
2017-05-23 15:18:40,561 DEBUG - Instance:sys_dm_os_memory_cache_clock_hands->.\output\mssqlstats_20170523031839\sys_dm_os_memory_cache_clock_hands.csv (0) 
2017-05-23 15:18:40,575 DEBUG - System:wmi_win32_service->.\output\mssqlstats_20170523031839\wmi_win32_service.csv (0) 
2017-05-23 15:18:41,137 DEBUG - Instance:sys_resource_governor_configuration->.\output\mssqlstats_20170523031839\sys_resource_governor_configuration.csv (0) 
2017-05-23 15:18:41,155 DEBUG - Instance:sys_dm_os_sys_memory->.\output\mssqlstats_20170523031839\sys_dm_os_sys_memory.csv (0) 
2017-05-23 15:18:41,182 DEBUG - DB(db01):sys_indexes->.\output\mssqlstats_20170523031839\db01\sys_indexes.csv (0) 
2017-05-23 15:18:41,260 DEBUG - DB(db02):sys_indexes->.\output\mssqlstats_20170523031839\db02\sys_indexes.csv (0) 
2017-05-23 15:18:41,327 DEBUG - System:wmi_win32_bios->.\output\mssqlstats_20170523031839\wmi_win32_bios.csv (0) 
2017-05-23 15:18:41,383 ERROR - Can not connect Management target. (0) 
2017-05-23 15:18:41,392 ERROR - オブジェクト参照がオブジェクト インスタンスに設定されていません。 (0) 
2017-05-23 15:18:41,404 ERROR -    場所 CsvHelper.CsvWriter.WriteField[T](T field)
   場所 mssqlstats.Program.WriteCSV(ManagementScope scope, String wmi_query, String csvfile) (0) 
2017-05-23 15:18:41,411 DEBUG - Instance:sys_dm_os_spinlock_stats->.\output\mssqlstats_20170523031839\sys_dm_os_spinlock_stats.csv (0) 
2017-05-23 15:18:41,426 DEBUG - DB(db01):sys_dm_db_missing_index->.\output\mssqlstats_20170523031839\db01\sys_dm_db_missing_index.csv (0) 
2017-05-23 15:18:41,456 DEBUG - DB(db02):sys_dm_db_missing_index->.\output\mssqlstats_20170523031839\db02\sys_dm_db_missing_index.csv (0) 
2017-05-23 15:18:41,478 DEBUG - Instance:msdb_dbo_syscollector_collection_sets->.\output\mssqlstats_20170523031839\msdb_dbo_syscollector_collection_sets.csv (0) 
2017-05-23 15:18:41,506 DEBUG - Instance:sp_spaceused_database->.\output\mssqlstats_20170523031839\sp_spaceused_database.csv (0) 
2017-05-23 15:18:41,628 DEBUG - Instance:sys_dm_exec_query_memory_grants->.\output\mssqlstats_20170523031839\sys_dm_exec_query_memory_grants.csv (0) 
2017-05-23 15:18:41,650 DEBUG - Instance:msdb_dbo_sysjobschedules->.\output\mssqlstats_20170523031839\msdb_dbo_sysjobschedules.csv (0) 
2017-05-23 15:18:41,666 DEBUG - Instance:msdb_dbo_sysoperators->.\output\mssqlstats_20170523031839\msdb_dbo_sysoperators.csv (0) 
2017-05-23 15:18:41,676 DEBUG - Instance:sys_dm_server_services->.\output\mssqlstats_20170523031839\sys_dm_server_services.csv (0) 
2017-05-23 15:18:41,691 DEBUG - DB(db01):sys_database_scoped_configurations->.\output\mssqlstats_20170523031839\db01\sys_database_scoped_configurations.csv (0) 
2017-05-23 15:18:41,703 DEBUG - DB(db02):sys_database_scoped_configurations->.\output\mssqlstats_20170523031839\db02\sys_database_scoped_configurations.csv (0) 
2017-05-23 15:18:41,722 DEBUG - DB(db01):sys_dm_exec_cached_plans_userdb->.\output\mssqlstats_20170523031839\db01\sys_dm_exec_cached_plans_userdb.csv (0) 
2017-05-23 15:18:41,904 DEBUG - DB(db02):sys_dm_exec_cached_plans_userdb->.\output\mssqlstats_20170523031839\db02\sys_dm_exec_cached_plans_userdb.csv (0) 
2017-05-23 15:18:42,034 DEBUG - Instance:readerrorlog_ifi->.\output\mssqlstats_20170523031839\readerrorlog_ifi.csv (0) 
2017-05-23 15:18:42,068 DEBUG - Instance:serverproperty->.\output\mssqlstats_20170523031839\serverproperty.csv (0) 
2017-05-23 15:18:42,086 DEBUG - Instance:msdb_dbo_sysjobsteps->.\output\mssqlstats_20170523031839\msdb_dbo_sysjobsteps.csv (0) 
2017-05-23 15:18:42,099 DEBUG - Instance:sys_dm_exec_query_stats_sysdb->.\output\mssqlstats_20170523031839\sys_dm_exec_query_stats_sysdb.csv (0) 
2017-05-23 15:18:42,206 DEBUG - Instance:msdb_dbo_sysschedules->.\output\mssqlstats_20170523031839\msdb_dbo_sysschedules.csv (0) 
2017-05-23 15:18:42,228 DEBUG - Instance:sys_dm_os_schedulers->.\output\mssqlstats_20170523031839\sys_dm_os_schedulers.csv (0) 
2017-05-23 15:18:42,253 DEBUG - Instance:sys_dm_db_index_operational_stats_lock_sysdb->.\output\mssqlstats_20170523031839\sys_dm_db_index_operational_stats_lock_sysdb.csv (0) 
2017-05-23 15:18:42,304 DEBUG - Instance:sys_dm_exec_query_stats_userdb_plan->.\output\mssqlstats_20170523031839\sys_dm_exec_query_stats_userdb_plan.csv (0) 
2017-05-23 15:18:42,339 DEBUG - Instance:sys_dm_os_sys_info->.\output\mssqlstats_20170523031839\sys_dm_os_sys_info.csv (0) 
2017-05-23 15:18:42,367 DEBUG - Instance:sys_dm_exec_query_optimizer_info->.\output\mssqlstats_20170523031839\sys_dm_exec_query_optimizer_info.csv (0) 
2017-05-23 15:18:42,388 DEBUG - Instance:sys_configurations->.\output\mssqlstats_20170523031839\sys_configurations.csv (0) 
2017-05-23 15:18:42,414 DEBUG - Instance:sys_dm_database_encryption_keys->.\output\mssqlstats_20170523031839\sys_dm_database_encryption_keys.csv (0) 
2017-05-23 15:18:42,449 DEBUG - Instance:sys_dm_io_virtual_file_stats->.\output\mssqlstats_20170523031839\sys_dm_io_virtual_file_stats.csv (0) 
2017-05-23 15:18:42,481 DEBUG - DB(db01):sys_dm_db_index_usage_stats->.\output\mssqlstats_20170523031839\db01\sys_dm_db_index_usage_stats.csv (0) 
2017-05-23 15:18:42,522 DEBUG - DB(db02):sys_dm_db_index_usage_stats->.\output\mssqlstats_20170523031839\db02\sys_dm_db_index_usage_stats.csv (0) 
2017-05-23 15:18:42,544 DEBUG - Instance:sys_dm_os_latch_stats->.\output\mssqlstats_20170523031839\sys_dm_os_latch_stats.csv (0) 
2017-05-23 15:18:42,573 DEBUG - Instance:sys_dm_db_file_space_usage->.\output\mssqlstats_20170523031839\sys_dm_db_file_space_usage.csv (0) 
2017-05-23 15:18:42,614 DEBUG - Instance:sys_resource_governor_resource_pools->.\output\mssqlstats_20170523031839\sys_resource_governor_resource_pools.csv (0) 
2017-05-23 15:18:42,645 DEBUG - Instance:readerrorlog_num_of_phisical_cores->.\output\mssqlstats_20170523031839\readerrorlog_num_of_phisical_cores.csv (0) 
2017-05-23 15:18:42,671 DEBUG - Instance:sys_xp_instance_regread_processornamestring->.\output\mssqlstats_20170523031839\sys_xp_instance_regread_processornamestring.csv (0) 
2017-05-23 15:18:42,696 DEBUG - Instance:sys_dm_exec_cursors->.\output\mssqlstats_20170523031839\sys_dm_exec_cursors.csv (0) 
2017-05-23 15:18:42,719 DEBUG - Instance:sys_dm_os_wait_stats->.\output\mssqlstats_20170523031839\sys_dm_os_wait_stats.csv (0) 
2017-05-23 15:18:42,755 DEBUG - Instance:sys_dm_server_registry->.\output\mssqlstats_20170523031839\sys_dm_server_registry.csv (0) 
2017-05-23 15:18:42,771 DEBUG - Instance:sys_dm_tran_database_transactions->.\output\mssqlstats_20170523031839\sys_dm_tran_database_transactions.csv (0) 
2017-05-23 15:18:42,793 DEBUG - Instance:sys_dm_exec_query_stats_sysdb_plan->.\output\mssqlstats_20170523031839\sys_dm_exec_query_stats_sysdb_plan.csv (0) 
2017-05-23 15:18:43,199 ERROR - query exec error. (0) 
2017-05-23 15:18:43,204 ERROR - XML datatype instance has too many levels of nested nodes. Maximum allowed depth is 128 levels. (0) 
2017-05-23 15:18:43,211 ERROR -    場所 System.Data.SqlClient.SqlConnection.OnError(SqlException exception, Boolean breakConnection)
   場所 System.Data.SqlClient.TdsParser.ThrowExceptionAndWarning(TdsParserStateObject stateObj)
   場所 System.Data.SqlClient.TdsParser.Run(RunBehavior runBehavior, SqlCommand cmdHandler, SqlDataReader dataStream, BulkCopySimpleResultSet bulkCopyHandler, TdsParserStateObject stateObj)
   場所 System.Data.SqlClient.SqlDataReader.HasMoreRows()
   場所 System.Data.SqlClient.SqlDataReader.ReadInternal(Boolean setTimeout)
   場所 mssqlstats.Program.WriteCSV(SqlDataReader reader, String csvfile)
   場所 mssqlstats.Program.Main(String[] args) (0) 
2017-05-23 15:18:43,220 DEBUG - Instance:dbcc_tracestatus->.\output\mssqlstats_20170523031839\dbcc_tracestatus.csv (0) 
2017-05-23 15:18:43,237 DEBUG - Instance:sys_dm_os_nodes->.\output\mssqlstats_20170523031839\sys_dm_os_nodes.csv (0) 
2017-05-23 15:18:43,259 DEBUG - Instance:sys_dm_os_performance_counters_batch_resp_statistics->.\output\mssqlstats_20170523031839\sys_dm_os_performance_counters_batch_resp_statistics.csv (0) 
2017-05-23 15:18:43,316 DEBUG - DB(db01):sys_dm_db_index_physical_stats->.\output\mssqlstats_20170523031839\db01\sys_dm_db_index_physical_stats.csv (0) 
2017-05-23 15:18:43,370 DEBUG - DB(db02):sys_dm_db_index_physical_stats->.\output\mssqlstats_20170523031839\db02\sys_dm_db_index_physical_stats.csv (0) 
2017-05-23 15:18:43,419 DEBUG - Instance:sys_xp_enumerrorlogs->.\output\mssqlstats_20170523031839\sys_xp_enumerrorlogs.csv (0) 
2017-05-23 15:18:43,448 DEBUG - DB(db01):sys_dm_db_index_operational_stats_lock_userdb->.\output\mssqlstats_20170523031839\db01\sys_dm_db_index_operational_stats_lock_userdb.csv (0) 
2017-05-23 15:18:43,476 DEBUG - DB(db02):sys_dm_db_index_operational_stats_lock_userdb->.\output\mssqlstats_20170523031839\db02\sys_dm_db_index_operational_stats_lock_userdb.csv (0) 
2017-05-23 15:18:43,499 DEBUG - Instance:sys_dm_os_process_memory->.\output\mssqlstats_20170523031839\sys_dm_os_process_memory.csv (0) 
2017-05-23 15:18:43,519 DEBUG - Instance:msdb_dbo_syscollector_collection_items->.\output\mssqlstats_20170523031839\msdb_dbo_syscollector_collection_items.csv (0) 
2017-05-23 15:18:43,538 DEBUG - Instance:sys_databases->.\output\mssqlstats_20170523031839\sys_databases.csv (0) 
2017-05-23 15:18:43,600 DEBUG - DB(db01):dbcc_dbinfo->.\output\mssqlstats_20170523031839\db01\dbcc_dbinfo.csv (0) 
2017-05-23 15:18:43,615 DEBUG - DB(db02):dbcc_dbinfo->.\output\mssqlstats_20170523031839\db02\dbcc_dbinfo.csv (0) 
2017-05-23 15:18:43,629 DEBUG - Instance:sys_dm_os_windows_info->.\output\mssqlstats_20170523031839\sys_dm_os_windows_info.csv (0) 
2017-05-23 15:18:43,638 DEBUG - Instance:sys_dm_os_wait_stats_ratio->.\output\mssqlstats_20170523031839\sys_dm_os_wait_stats_ratio.csv (0) 
2017-05-23 15:18:43,663 DEBUG - Instance:sys_dm_db_index_operational_stats_sysdb->.\output\mssqlstats_20170523031839\sys_dm_db_index_operational_stats_sysdb.csv (0) 
2017-05-23 15:18:43,732 DEBUG - Instance:sys_dm_db_persisted_sku_features->.\output\mssqlstats_20170523031839\sys_dm_db_persisted_sku_features.csv (0) 
2017-05-23 15:18:43,775 DEBUG - Instance:sys_dm_os_ring_buffers->.\output\mssqlstats_20170523031839\sys_dm_os_ring_buffers.csv (0) 
2017-05-23 15:18:43,830 DEBUG - Instance:msdb_dbo_backupset->.\output\mssqlstats_20170523031839\msdb_dbo_backupset.csv (0) 
2017-05-23 15:18:43,875 DEBUG - Instance:dbcc_sqlperf_logspace->.\output\mssqlstats_20170523031839\dbcc_sqlperf_logspace.csv (0) 
2017-05-23 15:18:43,890 DEBUG - Instance:sys_dm_tcp_listener_states->.\output\mssqlstats_20170523031839\sys_dm_tcp_listener_states.csv (0) 
2017-05-23 15:18:43,900 INFO -  9/10. Archive Result Folder. (0) 
2017-05-23 15:18:44,307 INFO - 10/10. Completed. (0) 
2017-05-23 15:18:44,360 INFO - Done. (0) 
